  Merchant.cpp
C:\Users\LENOVO\Documents\RLA\MY Project\CPP\hack2skill\Merchant.cpp(99,30): warning C4244: 'argument': conversion from 'unsigned __int64' to '_Ty', possible loss of data
C:\Users\LENOVO\Documents\RLA\MY Project\CPP\hack2skill\Merchant.cpp(99,30): warning C4244:         with
C:\Users\LENOVO\Documents\RLA\MY Project\CPP\hack2skill\Merchant.cpp(99,30): warning C4244:         [
C:\Users\LENOVO\Documents\RLA\MY Project\CPP\hack2skill\Merchant.cpp(99,30): warning C4244:             _Ty=unsigned int
C:\Users\LENOVO\Documents\RLA\MY Project\CPP\hack2skill\Merchant.cpp(99,30): warning C4244:         ]
C:\Users\LENOVO\Documents\RLA\MY Project\CPP\hack2skill\Merchant.cpp(104,34): warning C4244: 'argument': conversion from 'unsigned __int64' to '_Ty', possible loss of data
C:\Users\LENOVO\Documents\RLA\MY Project\CPP\hack2skill\Merchant.cpp(104,34): warning C4244:         with
C:\Users\LENOVO\Documents\RLA\MY Project\CPP\hack2skill\Merchant.cpp(104,34): warning C4244:         [
C:\Users\LENOVO\Documents\RLA\MY Project\CPP\hack2skill\Merchant.cpp(104,34): warning C4244:             _Ty=unsigned int
C:\Users\LENOVO\Documents\RLA\MY Project\CPP\hack2skill\Merchant.cpp(104,34): warning C4244:         ]
C:\Users\LENOVO\Documents\RLA\MY Project\CPP\hack2skill\Merchant.cpp(109,34): warning C4244: 'argument': conversion from 'unsigned __int64' to '_Ty', possible loss of data
C:\Users\LENOVO\Documents\RLA\MY Project\CPP\hack2skill\Merchant.cpp(109,34): warning C4244:         with
C:\Users\LENOVO\Documents\RLA\MY Project\CPP\hack2skill\Merchant.cpp(109,34): warning C4244:         [
C:\Users\LENOVO\Documents\RLA\MY Project\CPP\hack2skill\Merchant.cpp(109,34): warning C4244:             _Ty=unsigned int
C:\Users\LENOVO\Documents\RLA\MY Project\CPP\hack2skill\Merchant.cpp(109,34): warning C4244:         ]
C:\Users\LENOVO\Documents\RLA\MY Project\CPP\hack2skill\Merchant.cpp(137,52): warning C4244: '=': conversion from 'unsigned __int64' to 'int', possible loss of data
C:\Users\LENOVO\Documents\RLA\MY Project\CPP\hack2skill\Merchant.cpp(138,53): warning C4244: '=': conversion from 'unsigned __int64' to 'int', possible loss of data
  Generating code
  10 of 6518 functions ( 0.2%) were compiled, the rest were copied from previous compilation.
    0 functions were new in current compilation
    6 functions had inline decision re-evaluated but remain unchanged
  Finished generating code
  hack2skill.vcxproj -> C:\Users\LENOVO\Documents\RLA\MY Project\CPP\hack2skill\x64\Release\hack2skill.exe
  'pwsh.exe' is not recognized as an internal or external command,
  operable program or batch file.
